# JRE version: Java(TM) SE Runtime Environment (13.0.2+8) (build 13.0.2+8)
# Java VM: Java HotSpot(TM) 64-Bit Server VM (13.0.2+8, mixed mode, sharing, tiered, compressed oops, g1 gc, windows-amd64)
Heap:
 garbage-first heap   total 164864K, used 88732K [0x0000000080000000, 0x0000000100000000)
  region size 1024K, 8 young (8192K), 7 survivors (7168K)
 Metaspace       used 86457K, capacity 89181K, committed 89292K, reserved 593920K
  class space    used 11871K, capacity 12953K, committed 13004K, reserved 516096K
GC Heap History (20 events):
Event: 42.173 GC heap before
{Heap before GC invocations=40 (full 0):
 garbage-first heap   total 113664K, used 81428K [0x0000000080000000, 0x0000000100000000)
  region size 1024K, 33 young (33792K), 4 survivors (4096K)
 Metaspace       used 64707K, capacity 66678K, committed 66892K, reserved 573440K
  class space    used 8856K, capacity 9689K, committed 9804K, reserved 516096K
}
Event: 42.181 GC heap after
{Heap after GC invocations=41 (full 0):
 garbage-first heap   total 113664K, used 53973K [0x0000000080000000, 0x0000000100000000)
  region size 1024K, 5 young (5120K), 5 survivors (5120K)
 Metaspace       used 64707K, capacity 66678K, committed 66892K, reserved 573440K
  class space    used 8856K, capacity 9689K, committed 9804K, reserved 516096K
}
Event: 42.778 GC heap before
{Heap before GC invocations=41 (full 0):
 garbage-first heap   total 113664K, used 82645K [0x0000000080000000, 0x0000000100000000)
  region size 1024K, 34 young (34816K), 5 survivors (5120K)
 Metaspace       used 66913K, capacity 68941K, committed 69196K, reserved 575488K
  class space    used 9174K, capacity 10017K, committed 10060K, reserved 516096K
}
Event: 42.788 GC heap after
{Heap after GC invocations=42 (full 0):
 garbage-first heap   total 113664K, used 56186K [0x0000000080000000, 0x0000000100000000)
  region size 1024K, 5 young (5120K), 5 survivors (5120K)
 Metaspace       used 66913K, capacity 68941K, committed 69196K, reserved 575488K
  class space    used 9174K, capacity 10017K, committed 10060K, reserved 516096K
}
Event: 43.476 GC heap before
{Heap before GC invocations=42 (full 0):
 garbage-first heap   total 113664K, used 84858K [0x0000000080000000, 0x0000000100000000)
  region size 1024K, 34 young (34816K), 5 survivors (5120K)
 Metaspace       used 68471K, capacity 70536K, committed 70732K, reserved 577536K
  class space    used 9370K, capacity 10224K, committed 10316K, reserved 516096K
}
Event: 43.485 GC heap after
{Heap after GC invocations=43 (full 0):
 garbage-first heap   total 113664K, used 58135K [0x0000000080000000, 0x0000000100000000)
  region size 1024K, 5 young (5120K), 5 survivors (5120K)
 Metaspace       used 68471K, capacity 70536K, committed 70732K, reserved 577536K
  class space    used 9370K, capacity 10224K, committed 10316K, reserved 516096K
}
Event: 43.673 GC heap before
{Heap before GC invocations=44 (full 0):
 garbage-first heap   total 113664K, used 64279K [0x0000000080000000, 0x0000000100000000)
  region size 1024K, 12 young (12288K), 5 survivors (5120K)
 Metaspace       used 68566K, capacity 70712K, committed 70988K, reserved 577536K
  class space    used 9380K, capacity 10234K, committed 10316K, reserved 516096K
}
Event: 43.682 GC heap after
{Heap after GC invocations=45 (full 0):
 garbage-first heap   total 137216K, used 58651K [0x0000000080000000, 0x0000000100000000)
  region size 1024K, 3 young (3072K), 3 survivors (3072K)
 Metaspace       used 68566K, capacity 70712K, committed 70988K, reserved 577536K
  class space    used 9380K, capacity 10234K, committed 10316K, reserved 516096K
}
Event: 44.700 GC heap before
{Heap before GC invocations=46 (full 0):
 garbage-first heap   total 137216K, used 104731K [0x0000000080000000, 0x0000000100000000)
  region size 1024K, 45 young (46080K), 3 survivors (3072K)
 Metaspace       used 71938K, capacity 74154K, committed 74316K, reserved 579584K
  class space    used 9808K, capacity 10710K, committed 10828K, reserved 516096K
}
Event: 44.708 GC heap after
{Heap after GC invocations=47 (full 0):
 garbage-first heap   total 137216K, used 69250K [0x0000000080000000, 0x0000000100000000)
  region size 1024K, 6 young (6144K), 6 survivors (6144K)
 Metaspace       used 71938K, capacity 74154K, committed 74316K, reserved 579584K
  class space    used 9808K, capacity 10710K, committed 10828K, reserved 516096K
}
Event: 45.444 GC heap before
{Heap before GC invocations=47 (full 0):
 garbage-first heap   total 137216K, used 106114K [0x0000000080000000, 0x0000000100000000)
  region size 1024K, 43 young (44032K), 6 survivors (6144K)
 Metaspace       used 75564K, capacity 77766K, committed 78028K, reserved 583680K
  class space    used 10223K, capacity 11119K, committed 11212K, reserved 516096K
}
Event: 45.453 GC heap after
{Heap after GC invocations=48 (full 0):
 garbage-first heap   total 137216K, used 72444K [0x0000000080000000, 0x0000000100000000)
  region size 1024K, 3 young (3072K), 3 survivors (3072K)
 Metaspace       used 75564K, capacity 77766K, committed 78028K, reserved 583680K
  class space    used 10223K, capacity 11119K, committed 11212K, reserved 516096K
}
Event: 46.188 GC heap before
{Heap before GC invocations=49 (full 0):
 garbage-first heap   total 137216K, used 107260K [0x0000000080000000, 0x0000000100000000)
  region size 1024K, 38 young (38912K), 3 survivors (3072K)
 Metaspace       used 78793K, capacity 81095K, committed 81228K, reserved 585728K
  class space    used 10606K, capacity 11520K, committed 11596K, reserved 516096K
}
Event: 46.195 GC heap after
{Heap after GC invocations=50 (full 0):
 garbage-first heap   total 137216K, used 75107K [0x0000000080000000, 0x0000000100000000)
  region size 1024K, 3 young (3072K), 3 survivors (3072K)
 Metaspace       used 78793K, capacity 81095K, committed 81228K, reserved 585728K
  class space    used 10606K, capacity 11520K, committed 11596K, reserved 516096K
}
Event: 46.864 GC heap before
{Heap before GC invocations=51 (full 0):
 garbage-first heap   total 137216K, used 111971K [0x0000000080000000, 0x0000000100000000)
  region size 1024K, 38 young (38912K), 3 survivors (3072K)
 Metaspace       used 79853K, capacity 82315K, committed 82508K, reserved 587776K
  class space    used 10770K, capacity 11775K, committed 11852K, reserved 516096K
}
Event: 46.874 GC heap after
{Heap after GC invocations=52 (full 0):
 garbage-first heap   total 164864K, used 77780K [0x0000000080000000, 0x0000000100000000)
  region size 1024K, 5 young (5120K), 5 survivors (5120K)
 Metaspace       used 79853K, capacity 82315K, committed 82508K, reserved 587776K
  class space    used 10770K, capacity 11775K, committed 11852K, reserved 516096K
}
Event: 47.545 GC heap before
{Heap before GC invocations=52 (full 0):
 garbage-first heap   total 164864K, used 121812K [0x0000000080000000, 0x0000000100000000)
  region size 1024K, 48 young (49152K), 5 survivors (5120K)
 Metaspace       used 80236K, capacity 82684K, committed 82892K, reserved 587776K
  class space    used 10823K, capacity 11853K, committed 11980K, reserved 516096K
}
Event: 47.553 GC heap after
{Heap after GC invocations=53 (full 0):
 garbage-first heap   total 164864K, used 81582K [0x0000000080000000, 0x0000000100000000)
  region size 1024K, 6 young (6144K), 6 survivors (6144K)
 Metaspace       used 80236K, capacity 82684K, committed 82892K, reserved 587776K
  class space    used 10823K, capacity 11853K, committed 11980K, reserved 516096K
}
Event: 55.778 GC heap before
{Heap before GC invocations=53 (full 0):
 garbage-first heap   total 164864K, used 125614K [0x0000000080000000, 0x0000000100000000)
  region size 1024K, 49 young (50176K), 6 survivors (6144K)
 Metaspace       used 84694K, capacity 87255K, committed 87500K, reserved 591872K
  class space    used 11608K, capacity 12645K, committed 12748K, reserved 516096K
}
Event: 55.791 GC heap after
{Heap after GC invocations=54 (full 0):
 garbage-first heap   total 164864K, used 85431K [0x0000000080000000, 0x0000000100000000)
  region size 1024K, 7 young (7168K), 7 survivors (7168K)
 Metaspace       used 84694K, capacity 87255K, committed 87500K, reserved 591872K
  class space    used 11608K, capacity 12645K, committed 12748K, reserved 516096K
}

